<?xml version="1.0" encoding="UTF-8"?>
<!-- Generated by org.testng.reporters.JUnitReportReporter -->
<testsuite hostname="APT04-1DKF7G3" failures="0" tests="1" name="FrameworkDay1.Day3" time="0.006" errors="0" timestamp="2024-03-17T15:13:41 IST" skipped="0">
  <testcase classname="FrameworkDay1.Day3" name="LoginAPIcarLoan" time="0.006"/>
  <system-out/>
</testsuite> <!-- FrameworkDay1.Day3 -->
