<?xml version="1.0" encoding="UTF-8"?>
<!-- Generated by org.testng.reporters.JUnitReportReporter -->
<testsuite hostname="APT04-1DKF7G3" failures="0" tests="1" name="FrameworkDay1.inheritancePS1" time="0.012" errors="0" timestamp="2024-03-18T21:23:00 IST" skipped="0">
  <testcase classname="FrameworkDay1.inheritancePS1" name="testrun" time="0.012"/>
  <system-out/>
</testsuite> <!-- FrameworkDay1.inheritancePS1 -->
