<?xml version="1.0" encoding="UTF-8"?>
<!-- Generated by org.testng.reporters.JUnitReportReporter -->
<testsuite hostname="APT04-1DKF7G3" failures="0" tests="1" name="FrameworkDay1.Day2" time="0.000" errors="0" timestamp="2024-03-16T19:12:37 IST" skipped="0">
  <testcase classname="FrameworkDay1.Day2" name="Ploan" time="0.000"/>
  <system-out/>
</testsuite> <!-- FrameworkDay1.Day2 -->
