<?xml version="1.0" encoding="UTF-8"?>
<!-- Generated by org.testng.reporters.JUnitReportReporter -->
<testsuite hostname="APT04-1DKF7G3" failures="0" tests="4" name="FrameworkDay1.Day4" time="0.011" errors="0" timestamp="2024-03-17T15:13:41 IST" skipped="0">
  <testcase classname="FrameworkDay1.Day4" name="MobileLoginHomeLoan" time="0.002"/>
  <system-out/>
  <testcase classname="FrameworkDay1.Day4" name="MobileLoginHomeLoan" time="0.005"/>
  <system-out/>
  <testcase classname="FrameworkDay1.Day4" name="MobileLoginHomeLoan" time="0.001"/>
  <system-out/>
  <testcase classname="FrameworkDay1.Day4" name="Mobilelogin" time="0.003"/>
  <system-out/>
</testsuite> <!-- FrameworkDay1.Day4 -->
